<?xml version="1.0" encoding="UTF-8"?>
<testng-results skipped="0" failed="0" ignored="0" total="1" passed="1">
  <reporter-output>
  </reporter-output>
  <suite name="Default suite" duration-ms="21425" started-at="2020-06-24T23:47:58Z" finished-at="2020-06-24T23:48:19Z">
    <groups>
    </groups>
    <test name="Default test" duration-ms="21425" started-at="2020-06-24T23:47:58Z" finished-at="2020-06-24T23:48:19Z">
      <class name="com.sanity.SanityTestWithTestNG">
        <test-method status="PASS" signature="setup()[pri:0, instance:com.sanity.SanityTestWithTestNG@23986957]" name="setup" is-config="true" duration-ms="11310" started-at="2020-06-24T23:47:58Z" finished-at="2020-06-24T23:48:09Z">
          <reporter-output>
          </reporter-output>
        </test-method> <!-- setup -->
        <test-method status="PASS" signature="getHome()[pri:0, instance:com.sanity.SanityTestWithTestNG@23986957]" name="getHome" duration-ms="10094" started-at="2020-06-24T23:48:09Z" finished-at="2020-06-24T23:48:19Z">
          <reporter-output>
          </reporter-output>
        </test-method> <!-- getHome -->
        <test-method status="PASS" signature="exit()[pri:0, instance:com.sanity.SanityTestWithTestNG@23986957]" name="exit" is-config="true" duration-ms="1" started-at="2020-06-24T23:48:19Z" finished-at="2020-06-24T23:48:19Z">
          <reporter-output>
          </reporter-output>
        </test-method> <!-- exit -->
      </class> <!-- com.sanity.SanityTestWithTestNG -->
    </test> <!-- Default test -->
  </suite> <!-- Default suite -->
</testng-results>
